#
# There is insufficient memory for the Java Runtime Environment to continue.
# Native memory allocation (malloc) failed to allocate 1048576 bytes for AllocateHeap
# Possible reasons:
#   The system is out of physical RAM or swap space
#   In 32 bit mode, the process size limit was hit
# Possible solutions:
#   Reduce memory load on the system
#   Increase physical memory or swap space
#   Check if swap backing store is full
#   Use 64 bit Java on a 64 bit OS
#   Decrease Java heap size (-Xmx/-Xms)
#   Decrease number of Java threads
#   Decrease Java thread stack sizes (-Xss)
#   Set larger code cache with -XX:ReservedCodeCacheSize=
# This output file may be truncated or incomplete.
#
#  Out of Memory Error (memory/allocation.inline.hpp:61), pid=13560, tid=0x0000000000002d98
#
# JRE version:  (8.0_151-b12) (build )
# Java VM: Java HotSpot(TM) 64-Bit Server VM (25.151-b12 mixed mode windows-amd64 compressed oops)
# Failed to write core dump. Minidumps are not enabled by default on client versions of Windows
#

---------------  T H R E A D  ---------------

Current thread (0x0000000002313000):  JavaThread "Unknown thread" [_thread_in_vm, id=11672, stack(0x0000000002210000,0x0000000002310000)]

Stack: [0x0000000002210000,0x0000000002310000]
[error occurred during error reporting (printing stack bounds), id 0xc0000005]

Native frames: (J=compiled Java code, j=interpreted, Vv=VM code, C=native code)


---------------  P R O C E S S  ---------------

Java Threads: ( => current thread )

Other Threads:

=>0x0000000002313000 (exited) JavaThread "Unknown thread" [_thread_in_vm, id=11672, stack(0x0000000002210000,0x0000000002310000)]

VM state:not at safepoint (normal execution)

VM Mutex/Monitor currently owned by a thread: None

Heap:
 PSYoungGen      total 18432K, used 317K [0x00000000ebb80000, 0x00000000ed000000, 0x0000000100000000)
  eden space 15872K, 2% used [0x00000000ebb80000,0x00000000ebbcf5d0,0x00000000ecb00000)
  from space 2560K, 0% used [0x00000000ecd80000,0x00000000ecd80000,0x00000000ed000000)
  to   space 2560K, 0% used [0x00000000ecb00000,0x00000000ecb00000,0x00000000ecd80000)
 ParOldGen       total 42496K, used 0K [0x00000000c3200000, 0x00000000c5b80000, 0x00000000ebb80000)
  object space 42496K, 0% used [0x00000000c3200000,0x00000000c3200000,0x00000000c5b80000)
 Metaspace       used 757K, capacity 4480K, committed 4480K, reserved 1056768K
  class space    used 75K, capacity 384K, committed 384K, reserved 1048576K

Card table byte_map: [0x00000000117d0000,0x00000000119c0000] byte_map_base: 0x00000000111b7000

Marking Bits: (ParMarkBitMap*) 0x000000005497d850
 Begin Bits: [0x0000000011f10000, 0x0000000012e48000)
 End Bits:   [0x0000000012e48000, 0x0000000013d80000)

Polling page: 0x0000000000830000

CodeCache: size=245760Kb used=327Kb max_used=327Kb free=245432Kb
 bounds [0x0000000002410000, 0x0000000002680000, 0x0000000011410000]
 total_blobs=57 nmethods=0 adapters=38
 compilation: enabled

Compilation events (0 events):
No events

GC Heap History (0 events):
No events

Deoptimization events (0 events):
No events

Internal exceptions (0 events):
No events

Events (10 events):
Event: 0.054 loading class java/lang/Short
Event: 0.054 loading class java/lang/Short done
Event: 0.054 loading class java/lang/Integer
Event: 0.054 loading class java/lang/Integer done
Event: 0.054 loading class java/lang/Long
Event: 0.054 loading class java/lang/Long done
Event: 0.194 loading class java/lang/NullPointerException
Event: 0.194 loading class java/lang/NullPointerException done
Event: 0.194 loading class java/lang/ArithmeticException
Event: 0.194 loading class java/lang/ArithmeticException done


Dynamic libraries:
0x00007ff6e73a0000 - 0x00007ff6e73d7000 	C:\Program Files\Java\jre1.8.0_151\bin\javaw.exe
0x00007ffbc71a0000 - 0x00007ffbc7381000 	C:\WINDOWS\SYSTEM32\ntdll.dll
0x00007ffbc6020000 - 0x00007ffbc60d2000 	C:\WINDOWS\System32\KERNEL32.DLL
0x00007ffbc3740000 - 0x00007ffbc39b3000 	C:\WINDOWS\System32\KERNELBASE.dll
0x00007ffbc6530000 - 0x00007ffbc65d1000 	C:\WINDOWS\System32\ADVAPI32.dll
0x00007ffbc5da0000 - 0x00007ffbc5e3e000 	C:\WINDOWS\System32\msvcrt.dll
0x00007ffbc6ab0000 - 0x00007ffbc6b0b000 	C:\WINDOWS\System32\sechost.dll
0x00007ffbc6980000 - 0x00007ffbc6aa4000 	C:\WINDOWS\System32\RPCRT4.dll
0x00007ffbc6bf0000 - 0x00007ffbc6d80000 	C:\WINDOWS\System32\USER32.dll
0x00007ffbc3b60000 - 0x00007ffbc3b80000 	C:\WINDOWS\System32\win32u.dll
0x00007ffbc65f0000 - 0x00007ffbc6618000 	C:\WINDOWS\System32\GDI32.dll
0x00007ffbc39c0000 - 0x00007ffbc3b52000 	C:\WINDOWS\System32\gdi32full.dll
0x00007ffbc36a0000 - 0x00007ffbc373f000 	C:\WINDOWS\System32\msvcp_win.dll
0x00007ffbc3c30000 - 0x00007ffbc3d2a000 	C:\WINDOWS\System32\ucrtbase.dll
0x00007ffbb5500000 - 0x00007ffbb5769000 	C:\WINDOWS\WinSxS\amd64_microsoft.windows.common-controls_6595b64144ccf1df_6.0.17134.228_none_fb4599993062b194\COMCTL32.dll
0x00007ffbc5a70000 - 0x00007ffbc5d93000 	C:\WINDOWS\System32\combase.dll
0x00007ffbc3570000 - 0x00007ffbc35ea000 	C:\WINDOWS\System32\bcryptPrimitives.dll
0x00007ffbc6890000 - 0x00007ffbc68bd000 	C:\WINDOWS\System32\IMM32.DLL
0x0000000053290000 - 0x0000000053362000 	C:\Program Files\Java\jre1.8.0_151\bin\msvcr100.dll
0x0000000054160000 - 0x00000000549fd000 	C:\Program Files\Java\jre1.8.0_151\bin\server\jvm.dll
0x00007ffbc70f0000 - 0x00007ffbc70f8000 	C:\WINDOWS\System32\PSAPI.DLL
0x00007ffbbca10000 - 0x00007ffbbca19000 	C:\WINDOWS\SYSTEM32\WSOCK32.dll
0x00007ffbc7100000 - 0x00007ffbc716c000 	C:\WINDOWS\System32\WS2_32.dll
0x00007ffbc07b0000 - 0x00007ffbc07d3000 	C:\WINDOWS\SYSTEM32\WINMM.dll
0x00007ffbbc180000 - 0x00007ffbbc18a000 	C:\WINDOWS\SYSTEM32\VERSION.dll
0x00007ffbc0760000 - 0x00007ffbc078a000 	C:\WINDOWS\SYSTEM32\WINMMBASE.dll
0x00007ffbc3be0000 - 0x00007ffbc3c29000 	C:\WINDOWS\System32\cfgmgr32.dll
0x0000000054070000 - 0x000000005407f000 	C:\Program Files\Java\jre1.8.0_151\bin\verify.dll
0x0000000054040000 - 0x0000000054069000 	C:\Program Files\Java\jre1.8.0_151\bin\java.dll
0x0000000053b90000 - 0x0000000053bc5000 	C:\Program Files\Java\jre1.8.0_151\bin\jdwp.dll
0x0000000053b80000 - 0x0000000053b88000 	C:\Program Files\Java\jre1.8.0_151\bin\npt.dll
0x0000000054020000 - 0x0000000054036000 	C:\Program Files\Java\jre1.8.0_151\bin\zip.dll

VM Arguments:
jvm_args: -agentlib:jdwp=transport=dt_socket,suspend=y,address=localhost:51670 -Dfile.encoding=Cp1252 
java_command: sampletest.count
java_class_path (initial): C:\Users\ADMIN\git\pagila-core\build\classes;D:\apache-tomcat-9.0.0.M21\lib\annotations-api.jar;D:\apache-tomcat-9.0.0.M21\lib\catalina-ant.jar;D:\apache-tomcat-9.0.0.M21\lib\catalina-ha.jar;D:\apache-tomcat-9.0.0.M21\lib\catalina-storeconfig.jar;D:\apache-tomcat-9.0.0.M21\lib\catalina-tribes.jar;D:\apache-tomcat-9.0.0.M21\lib\catalina.jar;D:\apache-tomcat-9.0.0.M21\lib\ecj-4.6.3.jar;D:\apache-tomcat-9.0.0.M21\lib\el-api.jar;D:\apache-tomcat-9.0.0.M21\lib\jasper-el.jar;D:\apache-tomcat-9.0.0.M21\lib\jasper.jar;D:\apache-tomcat-9.0.0.M21\lib\jaspic-api.jar;D:\apache-tomcat-9.0.0.M21\lib\jsp-api.jar;D:\apache-tomcat-9.0.0.M21\lib\servlet-api.jar;D:\apache-tomcat-9.0.0.M21\lib\tomcat-api.jar;D:\apache-tomcat-9.0.0.M21\lib\tomcat-coyote.jar;D:\apache-tomcat-9.0.0.M21\lib\tomcat-dbcp.jar;D:\apache-tomcat-9.0.0.M21\lib\tomcat-i18n-es.jar;D:\apache-tomcat-9.0.0.M21\lib\tomcat-i18n-fr.jar;D:\apache-tomcat-9.0.0.M21\lib\tomcat-i18n-ja.jar;D:\apache-tomcat-9.0.0.M21\lib\tomcat-jdbc.jar;D:\apache-tomcat-9.0.0.M21\lib\tomcat-jni.jar;D:\apache-tomcat-9.0.0.M21\lib\tomcat-util-scan.jar;D:\apache-tomcat-9.0.0.M21\lib\tomcat-util.jar;D:\apache-tomcat-9.0.0.M21\lib\tomcat-websocket.jar;D:\apache-tomcat-9.0.0.M21\lib\websocket-api.jar;C:\Users\ADMIN\git\pagila-core\WebContent\WEB-INF\lib\antlr-2.7.7.jar;C:\Users\ADMIN\git\pagila-core\WebContent\WEB-INF\lib\classmate-1.3.0.jar;C:\Users\ADMIN\git\pagila-core\WebContent\WEB-INF\lib\dom4j-1.6.1.jar;C:\Users\ADMIN\git\pagila-core\WebContent\WEB-INF\lib\gson-2.8.5.jar;C:\Users\ADMIN\git\pagila-core\WebContent\WEB-INF\lib\hibernate-commons-annotations-5.0.1.Final.jar;C:\Users\ADMIN\git\pagila-core\WebContent\WEB-INF\lib\hibernate-core-5.2.12.Final.jar;C:\Users\ADMIN\git\pagila-core\WebContent\WEB-INF\lib\hibernate-jpa-2.1-api-1.0.0.Final.jar;C:\Users\ADMIN\git\pagila-core\WebContent\WEB-INF\lib\jandex-2.0.3.Final.jar;C:\Users\ADMIN\git\pagila-core\WebContent\WEB-INF\lib\javassist-3.20.0-GA.jar;C:\Users\ADMIN\git
Launcher Type: SUN_STANDARD

Environment Variables:
JAVA_HOME=C:\Program Files\Java\jdk1.8.0_144
PATH=C:/Program Files/Java/jre1.8.0_151/bin/server;C:/Program Files/Java/jre1.8.0_151/bin;C:/Program Files/Java/jre1.8.0_151/lib/amd64;C:\ProgramData\Oracle\Java\javapath;C:\oraclexe\app\oracle\product\10.2.0\server\bin;C:\Program Files\Java\jdk1.8.0_144\bin;C:\WINDOWS\system32;C:\WINDOWS;C:\WINDOWS\System32\Wbem;C:\WINDOWS\System32\WindowsPowerShell\v1.0\;C:\Program Files\dotnet\;C:\Program Files\Microsoft SQL Server\130\Tools\Binn\;C:\Program Files\nodejs\;C:\Program Files\Microsoft VS Code\bin;C:\Program Files\Git\cmd;C:\WINDOWS\System32\OpenSSH\;C:\PostgreSQL\pg10\bin;C:\Program Files\Java\jdk1.8.0_144\bin;C:\Users\ADMIN\AppData\Local\Microsoft\WindowsApps;C:\Users\ADMIN\AppData\Roaming\npm;;C:\Users\ADMIN\Desktop\eclipse-jee-neon-3-win32-x86_64\eclipse;
USERNAME=ADMIN
OS=Windows_NT
PROCESSOR_IDENTIFIER=Intel64 Family 6 Model 37 Stepping 5, GenuineIntel



---------------  S Y S T E M  ---------------

OS: Windows 10.0 , 64 bit Build 17134 (10.0.17134.1)

CPU:total 4 (initial active 4) (2 cores per cpu, 2 threads per core) family 6 model 37 stepping 5, cmov, cx8, fxsr, mmx, sse, sse2, sse3, ssse3, sse4.1, sse4.2, popcnt, ht, tsc, tscinvbit

Memory: 4k page, physical 3988596k(644208k free), swap 16047220k(192116k free)

vm_info: Java HotSpot(TM) 64-Bit Server VM (25.151-b12) for windows-amd64 JRE (1.8.0_151-b12), built on Sep  5 2017 19:33:46 by "java_re" with MS VC++ 10.0 (VS2010)

time: Sun Sep 09 17:18:11 2018
elapsed time: 0 seconds (0d 0h 0m 0s)

