#
# There is insufficient memory for the Java Runtime Environment to continue.
# Native memory allocation (malloc) failed to allocate 32744 bytes for ChunkPool::allocate
# Possible reasons:
#   The system is out of physical RAM or swap space
#   In 32 bit mode, the process size limit was hit
# Possible solutions:
#   Reduce memory load on the system
#   Increase physical memory or swap space
#   Check if swap backing store is full
#   Use 64 bit Java on a 64 bit OS
#   Decrease Java heap size (-Xmx/-Xms)
#   Decrease number of Java threads
#   Decrease Java thread stack sizes (-Xss)
#   Set larger code cache with -XX:ReservedCodeCacheSize=
# This output file may be truncated or incomplete.
#
#  Out of Memory Error (allocation.cpp:273), pid=13336, tid=0x0000000000001974
#
# JRE version: Java(TM) SE Runtime Environment (8.0_151-b12) (build 1.8.0_151-b12)
# Java VM: Java HotSpot(TM) 64-Bit Server VM (25.151-b12 mixed mode windows-amd64 compressed oops)
# Failed to write core dump. Minidumps are not enabled by default on client versions of Windows
#

---------------  T H R E A D  ---------------

Current thread (0x00000000149bd000):  JavaThread "C2 CompilerThread1" daemon [_thread_in_native, id=6516, stack(0x0000000016af0000,0x0000000016bf0000)]

Stack: [0x0000000016af0000,0x0000000016bf0000]
[error occurred during error reporting (printing stack bounds), id 0xc0000005]

Native frames: (J=compiled Java code, j=interpreted, Vv=VM code, C=native code)


Current CompileTask:
C2:   1700   14       4       java.lang.String::charAt (29 bytes)


---------------  P R O C E S S  ---------------

Java Threads: ( => current thread )
  0x00000000149be800 JavaThread "Service Thread" daemon [_thread_blocked, id=15492, stack(0x0000000016cf0000,0x0000000016df0000)]
  0x00000000149bd800 JavaThread "C1 CompilerThread2" daemon [_thread_blocked, id=14476, stack(0x0000000016bf0000,0x0000000016cf0000)]
=>0x00000000149bd000 JavaThread "C2 CompilerThread1" daemon [_thread_in_native, id=6516, stack(0x0000000016af0000,0x0000000016bf0000)]
  0x0000000014985000 JavaThread "C2 CompilerThread0" daemon [_thread_blocked, id=14748, stack(0x00000000165f0000,0x00000000166f0000)]
  0x0000000014979000 JavaThread "JDWP Command Reader" daemon [_thread_in_native, id=13592, stack(0x00000000164f0000,0x00000000165f0000)]
  0x0000000014977800 JavaThread "JDWP Event Helper Thread" daemon [_thread_blocked, id=15356, stack(0x00000000163f0000,0x00000000164f0000)]
  0x0000000014972000 JavaThread "JDWP Transport Listener: dt_socket" daemon [_thread_blocked, id=996, stack(0x00000000162f0000,0x00000000163f0000)]
  0x000000001495e000 JavaThread "Attach Listener" daemon [_thread_blocked, id=13700, stack(0x0000000015eb0000,0x0000000015fb0000)]
  0x000000001495d000 JavaThread "Signal Dispatcher" daemon [_thread_blocked, id=15224, stack(0x0000000015db0000,0x0000000015eb0000)]
  0x000000000245c000 JavaThread "Finalizer" daemon [_thread_blocked, id=14000, stack(0x0000000015bc0000,0x0000000015cc0000)]
  0x0000000002451000 JavaThread "Reference Handler" daemon [_thread_blocked, id=12996, stack(0x0000000015ac0000,0x0000000015bc0000)]
  0x0000000002363000 JavaThread "main" [_thread_in_native, id=4704, stack(0x00000000021b0000,0x00000000022b0000)]

Other Threads:
  0x0000000014927800 VMThread [stack: 0x00000000159c0000,0x0000000015ac0000] [id=1884]

VM state:not at safepoint (normal execution)

VM Mutex/Monitor currently owned by a thread: None

Heap:
 PSYoungGen      total 18432K, used 952K [0x00000000ebb80000, 0x00000000ed000000, 0x0000000100000000)
  eden space 15872K, 6% used [0x00000000ebb80000,0x00000000ebc6e1d0,0x00000000ecb00000)
  from space 2560K, 0% used [0x00000000ecd80000,0x00000000ecd80000,0x00000000ed000000)
  to   space 2560K, 0% used [0x00000000ecb00000,0x00000000ecb00000,0x00000000ecd80000)
 ParOldGen       total 42496K, used 0K [0x00000000c3200000, 0x00000000c5b80000, 0x00000000ebb80000)
  object space 42496K, 0% used [0x00000000c3200000,0x00000000c3200000,0x00000000c5b80000)
 Metaspace       used 2287K, capacity 4480K, committed 4480K, reserved 1056768K
  class space    used 255K, capacity 384K, committed 384K, reserved 1048576K

Card table byte_map: [0x0000000011820000,0x0000000011a10000] byte_map_base: 0x0000000011207000

Marking Bits: (ParMarkBitMap*) 0x000000005497d850
 Begin Bits: [0x0000000011f60000, 0x0000000012e98000)
 End Bits:   [0x0000000012e98000, 0x0000000013dd0000)

Polling page: 0x00000000001f0000

CodeCache: size=245760Kb used=1077Kb max_used=1077Kb free=244682Kb
 bounds [0x0000000002460000, 0x00000000026d0000, 0x0000000011460000]
 total_blobs=231 nmethods=17 adapters=137
 compilation: enabled

Compilation events (10 events):
Event: 1.563 Thread 0x00000000149bd800   12       3       java.lang.Math::min (11 bytes)
Event: 1.563 Thread 0x00000000149bd800 nmethod 12 0x000000000256be50 code [0x000000000256bfa0, 0x000000000256c130]
Event: 1.563 Thread 0x00000000149bd800   15       3       java.lang.Character::toUpperCase (6 bytes)
Event: 1.563 Thread 0x00000000149bd800 nmethod 15 0x000000000256c190 code [0x000000000256c300, 0x000000000256c598]
Event: 1.563 Thread 0x00000000149bd800   16       3       java.lang.Character::toUpperCase (9 bytes)
Event: 1.563 Thread 0x00000000149bd800 nmethod 16 0x000000000256c6d0 code [0x000000000256c840, 0x000000000256ca78]
Event: 1.563 Thread 0x00000000149bd800   17       3       java.lang.CharacterDataLatin1::toUpperCase (53 bytes)
Event: 1.564 Thread 0x00000000149bd800 nmethod 17 0x000000000256cb50 code [0x000000000256ccc0, 0x000000000256cfb0]
Event: 1.564 Thread 0x00000000149bd800   18       3       java.lang.System::getSecurityManager (4 bytes)
Event: 1.564 Thread 0x00000000149bd800 nmethod 18 0x000000000256d110 code [0x000000000256d260, 0x000000000256d390]

GC Heap History (0 events):
No events

Deoptimization events (0 events):
No events

Internal exceptions (2 events):
Event: 0.336 Thread 0x0000000002363000 Exception <a 'java/lang/NoSuchMethodError': Method sun.misc.Unsafe.defineClass(Ljava/lang/String;[BII)Ljava/lang/Class; name or signature does not match> (0x00000000ebb87ca8) thrown at [C:\re\workspace\8-2-build-windows-amd64-cygwin\jdk8u151\9699\hotspot\
Event: 0.336 Thread 0x0000000002363000 Exception <a 'java/lang/NoSuchMethodError': Method sun.misc.Unsafe.prefetchRead(Ljava/lang/Object;J)V name or signature does not match> (0x00000000ebb87f90) thrown at [C:\re\workspace\8-2-build-windows-amd64-cygwin\jdk8u151\9699\hotspot\src\share\vm\prims

Events (10 events):
Event: 1.561 loading class java/util/HashMap$EntryIterator
Event: 1.562 loading class java/util/HashMap$HashIterator
Event: 1.562 loading class java/util/HashMap$HashIterator done
Event: 1.562 loading class java/util/HashMap$EntryIterator done
Event: 1.562 loading class java/lang/ProcessEnvironment$CheckedEntry
Event: 1.562 loading class java/lang/ProcessEnvironment$CheckedEntry done
Event: 1.562 loading class java/util/TreeMap$Entry
Event: 1.562 loading class java/util/TreeMap$Entry done
Event: 1.563 loading class sun/usagetracker/UsageTrackerClient$3
Event: 1.563 loading class sun/usagetracker/UsageTrackerClient$3 done


Dynamic libraries:
0x00007ff6e73a0000 - 0x00007ff6e73d7000 	C:\Program Files\Java\jre1.8.0_151\bin\javaw.exe
0x00007ffbc71a0000 - 0x00007ffbc7381000 	C:\WINDOWS\SYSTEM32\ntdll.dll
0x00007ffbc6020000 - 0x00007ffbc60d2000 	C:\WINDOWS\System32\KERNEL32.DLL
0x00007ffbc3740000 - 0x00007ffbc39b3000 	C:\WINDOWS\System32\KERNELBASE.dll
0x00007ffbc6530000 - 0x00007ffbc65d1000 	C:\WINDOWS\System32\ADVAPI32.dll
0x00007ffbc5da0000 - 0x00007ffbc5e3e000 	C:\WINDOWS\System32\msvcrt.dll
0x00007ffbc6ab0000 - 0x00007ffbc6b0b000 	C:\WINDOWS\System32\sechost.dll
0x00007ffbc6980000 - 0x00007ffbc6aa4000 	C:\WINDOWS\System32\RPCRT4.dll
0x00007ffbc6bf0000 - 0x00007ffbc6d80000 	C:\WINDOWS\System32\USER32.dll
0x00007ffbc3b60000 - 0x00007ffbc3b80000 	C:\WINDOWS\System32\win32u.dll
0x00007ffbc65f0000 - 0x00007ffbc6618000 	C:\WINDOWS\System32\GDI32.dll
0x00007ffbc39c0000 - 0x00007ffbc3b52000 	C:\WINDOWS\System32\gdi32full.dll
0x00007ffbc36a0000 - 0x00007ffbc373f000 	C:\WINDOWS\System32\msvcp_win.dll
0x00007ffbc3c30000 - 0x00007ffbc3d2a000 	C:\WINDOWS\System32\ucrtbase.dll
0x00007ffbb5500000 - 0x00007ffbb5769000 	C:\WINDOWS\WinSxS\amd64_microsoft.windows.common-controls_6595b64144ccf1df_6.0.17134.228_none_fb4599993062b194\COMCTL32.dll
0x00007ffbc5a70000 - 0x00007ffbc5d93000 	C:\WINDOWS\System32\combase.dll
0x00007ffbc3570000 - 0x00007ffbc35ea000 	C:\WINDOWS\System32\bcryptPrimitives.dll
0x00007ffbc6890000 - 0x00007ffbc68bd000 	C:\WINDOWS\System32\IMM32.DLL
0x0000000053290000 - 0x0000000053362000 	C:\Program Files\Java\jre1.8.0_151\bin\msvcr100.dll
0x0000000054160000 - 0x00000000549fd000 	C:\Program Files\Java\jre1.8.0_151\bin\server\jvm.dll
0x00007ffbc70f0000 - 0x00007ffbc70f8000 	C:\WINDOWS\System32\PSAPI.DLL
0x00007ffbbca10000 - 0x00007ffbbca19000 	C:\WINDOWS\SYSTEM32\WSOCK32.dll
0x00007ffbc7100000 - 0x00007ffbc716c000 	C:\WINDOWS\System32\WS2_32.dll
0x00007ffbc07b0000 - 0x00007ffbc07d3000 	C:\WINDOWS\SYSTEM32\WINMM.dll
0x00007ffbbc180000 - 0x00007ffbbc18a000 	C:\WINDOWS\SYSTEM32\VERSION.dll
0x00007ffbc0760000 - 0x00007ffbc078a000 	C:\WINDOWS\SYSTEM32\WINMMBASE.dll
0x00007ffbc3be0000 - 0x00007ffbc3c29000 	C:\WINDOWS\System32\cfgmgr32.dll
0x0000000054070000 - 0x000000005407f000 	C:\Program Files\Java\jre1.8.0_151\bin\verify.dll
0x0000000054040000 - 0x0000000054069000 	C:\Program Files\Java\jre1.8.0_151\bin\java.dll
0x0000000053b90000 - 0x0000000053bc5000 	C:\Program Files\Java\jre1.8.0_151\bin\jdwp.dll
0x0000000053b80000 - 0x0000000053b88000 	C:\Program Files\Java\jre1.8.0_151\bin\npt.dll
0x0000000054020000 - 0x0000000054036000 	C:\Program Files\Java\jre1.8.0_151\bin\zip.dll
0x00007ffbc4630000 - 0x00007ffbc5a70000 	C:\WINDOWS\System32\SHELL32.dll
0x00007ffbc6fa0000 - 0x00007ffbc7049000 	C:\WINDOWS\System32\shcore.dll
0x00007ffbc3d30000 - 0x00007ffbc443d000 	C:\WINDOWS\System32\windows.storage.dll
0x00007ffbc5fc0000 - 0x00007ffbc6011000 	C:\WINDOWS\System32\shlwapi.dll
0x00007ffbc34b0000 - 0x00007ffbc34c1000 	C:\WINDOWS\System32\kernel.appcore.dll
0x00007ffbc3550000 - 0x00007ffbc356f000 	C:\WINDOWS\System32\profapi.dll
0x00007ffbc34d0000 - 0x00007ffbc351c000 	C:\WINDOWS\System32\powrprof.dll
0x00007ffbc3540000 - 0x00007ffbc354a000 	C:\WINDOWS\System32\FLTLIB.DLL
0x0000000053b70000 - 0x0000000053b79000 	C:\Program Files\Java\jre1.8.0_151\bin\dt_socket.dll
0x00007ffbb6bc0000 - 0x00007ffbb6bd6000 	C:\WINDOWS\system32\napinsp.dll
0x00007ffbb5fd0000 - 0x00007ffbb5fea000 	C:\WINDOWS\system32\pnrpnsp.dll
0x00007ffbbf350000 - 0x00007ffbbf369000 	C:\WINDOWS\system32\NLAapi.dll
0x00007ffbc2cd0000 - 0x00007ffbc2d36000 	C:\WINDOWS\System32\mswsock.dll
0x00007ffbc2a90000 - 0x00007ffbc2b4e000 	C:\WINDOWS\SYSTEM32\DNSAPI.dll
0x00007ffbc65e0000 - 0x00007ffbc65e8000 	C:\WINDOWS\System32\NSI.dll
0x00007ffbc2a50000 - 0x00007ffbc2a88000 	C:\WINDOWS\SYSTEM32\IPHLPAPI.DLL
0x00007ffbc0a50000 - 0x00007ffbc0a5e000 	C:\WINDOWS\System32\winrnr.dll
0x00007ffbbdc60000 - 0x00007ffbbdcd2000 	C:\WINDOWS\System32\fwpuclnt.dll
0x00007ffbc2fb0000 - 0x00007ffbc2fd5000 	C:\WINDOWS\SYSTEM32\bcrypt.dll
0x00007ffbbd8e0000 - 0x00007ffbbd8ea000 	C:\Windows\System32\rasadhlp.dll

VM Arguments:
jvm_args: -agentlib:jdwp=transport=dt_socket,suspend=y,address=localhost:51689 -Dfile.encoding=Cp1252 
java_command: sampletest.count
java_class_path (initial): C:\Users\ADMIN\git\pagila-core\build\classes;D:\apache-tomcat-9.0.0.M21\lib\annotations-api.jar;D:\apache-tomcat-9.0.0.M21\lib\catalina-ant.jar;D:\apache-tomcat-9.0.0.M21\lib\catalina-ha.jar;D:\apache-tomcat-9.0.0.M21\lib\catalina-storeconfig.jar;D:\apache-tomcat-9.0.0.M21\lib\catalina-tribes.jar;D:\apache-tomcat-9.0.0.M21\lib\catalina.jar;D:\apache-tomcat-9.0.0.M21\lib\ecj-4.6.3.jar;D:\apache-tomcat-9.0.0.M21\lib\el-api.jar;D:\apache-tomcat-9.0.0.M21\lib\jasper-el.jar;D:\apache-tomcat-9.0.0.M21\lib\jasper.jar;D:\apache-tomcat-9.0.0.M21\lib\jaspic-api.jar;D:\apache-tomcat-9.0.0.M21\lib\jsp-api.jar;D:\apache-tomcat-9.0.0.M21\lib\servlet-api.jar;D:\apache-tomcat-9.0.0.M21\lib\tomcat-api.jar;D:\apache-tomcat-9.0.0.M21\lib\tomcat-coyote.jar;D:\apache-tomcat-9.0.0.M21\lib\tomcat-dbcp.jar;D:\apache-tomcat-9.0.0.M21\lib\tomcat-i18n-es.jar;D:\apache-tomcat-9.0.0.M21\lib\tomcat-i18n-fr.jar;D:\apache-tomcat-9.0.0.M21\lib\tomcat-i18n-ja.jar;D:\apache-tomcat-9.0.0.M21\lib\tomcat-jdbc.jar;D:\apache-tomcat-9.0.0.M21\lib\tomcat-jni.jar;D:\apache-tomcat-9.0.0.M21\lib\tomcat-util-scan.jar;D:\apache-tomcat-9.0.0.M21\lib\tomcat-util.jar;D:\apache-tomcat-9.0.0.M21\lib\tomcat-websocket.jar;D:\apache-tomcat-9.0.0.M21\lib\websocket-api.jar;C:\Users\ADMIN\git\pagila-core\WebContent\WEB-INF\lib\antlr-2.7.7.jar;C:\Users\ADMIN\git\pagila-core\WebContent\WEB-INF\lib\classmate-1.3.0.jar;C:\Users\ADMIN\git\pagila-core\WebContent\WEB-INF\lib\dom4j-1.6.1.jar;C:\Users\ADMIN\git\pagila-core\WebContent\WEB-INF\lib\gson-2.8.5.jar;C:\Users\ADMIN\git\pagila-core\WebContent\WEB-INF\lib\hibernate-commons-annotations-5.0.1.Final.jar;C:\Users\ADMIN\git\pagila-core\WebContent\WEB-INF\lib\hibernate-core-5.2.12.Final.jar;C:\Users\ADMIN\git\pagila-core\WebContent\WEB-INF\lib\hibernate-jpa-2.1-api-1.0.0.Final.jar;C:\Users\ADMIN\git\pagila-core\WebContent\WEB-INF\lib\jandex-2.0.3.Final.jar;C:\Users\ADMIN\git\pagila-core\WebContent\WEB-INF\lib\javassist-3.20.0-GA.jar;C:\Users\ADMIN\git
Launcher Type: SUN_STANDARD

Environment Variables:
JAVA_HOME=C:\Program Files\Java\jdk1.8.0_144
PATH=C:/Program Files/Java/jre1.8.0_151/bin/server;C:/Program Files/Java/jre1.8.0_151/bin;C:/Program Files/Java/jre1.8.0_151/lib/amd64;C:\ProgramData\Oracle\Java\javapath;C:\oraclexe\app\oracle\product\10.2.0\server\bin;C:\Program Files\Java\jdk1.8.0_144\bin;C:\WINDOWS\system32;C:\WINDOWS;C:\WINDOWS\System32\Wbem;C:\WINDOWS\System32\WindowsPowerShell\v1.0\;C:\Program Files\dotnet\;C:\Program Files\Microsoft SQL Server\130\Tools\Binn\;C:\Program Files\nodejs\;C:\Program Files\Microsoft VS Code\bin;C:\Program Files\Git\cmd;C:\WINDOWS\System32\OpenSSH\;C:\PostgreSQL\pg10\bin;C:\Program Files\Java\jdk1.8.0_144\bin;C:\Users\ADMIN\AppData\Local\Microsoft\WindowsApps;C:\Users\ADMIN\AppData\Roaming\npm;;C:\Users\ADMIN\Desktop\eclipse-jee-neon-3-win32-x86_64\eclipse;
USERNAME=ADMIN
OS=Windows_NT
PROCESSOR_IDENTIFIER=Intel64 Family 6 Model 37 Stepping 5, GenuineIntel



---------------  S Y S T E M  ---------------

OS: Windows 10.0 , 64 bit Build 17134 (10.0.17134.1)

CPU:total 4 (initial active 4) (2 cores per cpu, 2 threads per core) family 6 model 37 stepping 5, cmov, cx8, fxsr, mmx, sse, sse2, sse3, ssse3, sse4.1, sse4.2, popcnt, ht, tsc, tscinvbit

Memory: 4k page, physical 3988596k(644204k free), swap 16047220k(192116k free)

vm_info: Java HotSpot(TM) 64-Bit Server VM (25.151-b12) for windows-amd64 JRE (1.8.0_151-b12), built on Sep  5 2017 19:33:46 by "java_re" with MS VC++ 10.0 (VS2010)

time: Sun Sep 09 17:18:11 2018
elapsed time: 1 seconds (0d 0h 0m 1s)

